2025-07-30 10:23:29.208 [info] [main] Log level: Info
2025-07-30 10:23:29.208 [info] [main] Validating found git in: "git"
2025-07-30 10:23:29.208 [info] [main] Using git "2.50.1" from "git"
2025-07-30 10:23:29.208 [info] [Model][doInitialScan] Initial repository scan started
2025-07-30 10:23:29.208 [info] > git rev-parse --show-toplevel [7ms]
2025-07-30 10:23:29.208 [info] fatal: not a git repository (or any parent up to mount point /)
Stopping at filesystem boundary (GIT_DISCOVERY_ACROSS_FILESYSTEM not set).
2025-07-30 10:23:29.208 [info] > git rev-parse --show-toplevel [2ms]
2025-07-30 10:23:29.208 [info] fatal: not a git repository (or any parent up to mount point /)
Stopping at filesystem boundary (GIT_DISCOVERY_ACROSS_FILESYSTEM not set).
2025-07-30 10:23:29.208 [info] > git rev-parse --show-toplevel [2ms]
2025-07-30 10:23:29.208 [info] fatal: not a git repository (or any parent up to mount point /)
Stopping at filesystem boundary (GIT_DISCOVERY_ACROSS_FILESYSTEM not set).
2025-07-30 10:23:29.208 [info] > git rev-parse --show-toplevel [1ms]
2025-07-30 10:23:29.208 [info] fatal: not a git repository (or any parent up to mount point /)
Stopping at filesystem boundary (GIT_DISCOVERY_ACROSS_FILESYSTEM not set).
2025-07-30 10:23:29.208 [info] [Model][doInitialScan] Initial repository scan completed - repositories (0), closed repositories (0), parent repositories (0), unsafe repositories (0)
2025-07-30 10:23:30.702 [info] > git rev-parse --show-toplevel [1ms]
2025-07-30 10:23:30.702 [info] fatal: not a git repository (or any parent up to mount point /)
Stopping at filesystem boundary (GIT_DISCOVERY_ACROSS_FILESYSTEM not set).
